This is pdfeTeX, Version 3.141592-1.21a-2.2 (Web2C 7.5.4) (format=pdflatex 2010.10.25)  31 AUG 2012 08:16
entering extended mode
**blind_analysis_phansson.tex
(./blind_analysis_phansson.tex
LaTeX2e <2003/12/01>
Babel <v3.8d> and hyphenation patterns for american, french, german, ngerman, b
ahasa, basque, bulgarian, catalan, croatian, czech, danish, dutch, esperanto, e
stonian, finnish, greek, icelandic, irish, italian, latin, magyar, norsk, polis
h, portuges, romanian, russian, serbian, slovak, slovene, spanish, swedish, tur
kish, ukrainian, nohyphenation, loaded.

(/afs/slac.stanford.edu/package/tww/9.0/@sys/TWWfsw/tetex30p/texmf/tex/latex/ba
se/article.cls
Document Class: article 2004/02/16 v1.4f Standard LaTeX document class

(/afs/slac.stanford.edu/package/tww/9.0/@sys/TWWfsw/tetex30p/texmf/tex/latex/ba
se/size10.clo
File: size10.clo 2004/02/16 v1.4f Standard LaTeX file (size option)
)
\c@part=\count79
\c@section=\count80
\c@subsection=\count81
\c@subsubsection=\count82
\c@paragraph=\count83
\c@subparagraph=\count84
\c@figure=\count85
\c@table=\count86
\abovecaptionskip=\skip41
\belowcaptionskip=\skip42
\bibindent=\dimen102
)
(/afs/slac.stanford.edu/package/tww/9.0/@sys/TWWfsw/tetex30p/texmf/tex/latex/gr
aphics/epsfig.sty
Package: epsfig 1999/02/16 v1.7a (e)psfig emulation (SPQR)

(/afs/slac.stanford.edu/package/tww/9.0/@sys/TWWfsw/tetex30p/texmf/tex/latex/gr
aphics/graphicx.sty
Package: graphicx 1999/02/16 v1.0f Enhanced LaTeX Graphics (DPC,SPQR)

(/afs/slac.stanford.edu/package/tww/9.0/@sys/TWWfsw/tetex30p/texmf/tex/latex/gr
aphics/keyval.sty
Package: keyval 1999/03/16 v1.13 key=value parser (DPC)
\KV@toks@=\toks14
)
(/afs/slac.stanford.edu/package/tww/9.0/@sys/TWWfsw/tetex30p/texmf/tex/latex/gr
aphics/graphics.sty
Package: graphics 2001/07/07 v1.0n Standard LaTeX Graphics (DPC,SPQR)

(/afs/slac.stanford.edu/package/tww/9.0/@sys/TWWfsw/tetex30p/texmf/tex/latex/gr
aphics/trig.sty
Package: trig 1999/03/16 v1.09 sin cos tan (DPC)
)
(/afs/slac.stanford.edu/package/tww/9.0/@sys/TWWfsw/tetex30p/texmf/tex/latex/gr
aphics/graphics.cfg
File: graphics.cfg 2005/02/03 v1.3 graphics configuration of teTeX/TeXLive
)
Package graphics Info: Driver file: pdftex.def on input line 80.

(/afs/slac.stanford.edu/package/tww/9.0/@sys/TWWfsw/tetex30p/texmf/tex/latex/gr
aphics/pdftex.def
File: pdftex.def 2002/06/19 v0.03k graphics/color for pdftex
\Gread@gobject=\count87
))
\Gin@req@height=\dimen103
\Gin@req@width=\dimen104
)
\epsfxsize=\dimen105
\epsfysize=\dimen106
)
(/afs/slac.stanford.edu/package/tww/9.0/@sys/TWWfsw/tetex30p/texmf/tex/latex/na
tbib/natbib.sty
Package: natbib 2003/06/06 7.1 (PWD)
\bibhang=\skip43
\bibsep=\skip44
LaTeX Info: Redefining \cite on input line 518.
\c@NAT@ctr=\count88
)
(/afs/slac.stanford.edu/package/tww/9.0/@sys/TWWfsw/tetex30p/texmf/tex/latex/am
smath/amsmath.sty
Package: amsmath 2000/07/18 v2.13 AMS math features
\@mathmargin=\skip45

For additional information on amsmath, use the `?' option.

(/afs/slac.stanford.edu/package/tww/9.0/@sys/TWWfsw/tetex30p/texmf/tex/latex/am
smath/amstext.sty
Package: amstext 2000/06/29 v2.01

(/afs/slac.stanford.edu/package/tww/9.0/@sys/TWWfsw/tetex30p/texmf/tex/latex/am
smath/amsgen.sty
File: amsgen.sty 1999/11/30 v2.0
\@emptytoks=\toks15
\ex@=\dimen107
))
(/afs/slac.stanford.edu/package/tww/9.0/@sys/TWWfsw/tetex30p/texmf/tex/latex/am
smath/amsbsy.sty
Package: amsbsy 1999/11/29 v1.2d
\pmbraise@=\dimen108
)
(/afs/slac.stanford.edu/package/tww/9.0/@sys/TWWfsw/tetex30p/texmf/tex/latex/am
smath/amsopn.sty
Package: amsopn 1999/12/14 v2.01 operator names
)
\inf@bad=\count89
LaTeX Info: Redefining \frac on input line 211.
\uproot@=\count90
\leftroot@=\count91
LaTeX Info: Redefining \overline on input line 307.
\classnum@=\count92
\DOTSCASE@=\count93
LaTeX Info: Redefining \ldots on input line 379.
LaTeX Info: Redefining \dots on input line 382.
LaTeX Info: Redefining \cdots on input line 467.
\Mathstrutbox@=\box26
\strutbox@=\box27
\big@size=\dimen109
LaTeX Font Info:    Redeclaring font encoding OML on input line 567.
LaTeX Font Info:    Redeclaring font encoding OMS on input line 568.
\macc@depth=\count94
\c@MaxMatrixCols=\count95
\dotsspace@=\muskip10
\c@parentequation=\count96
\dspbrk@lvl=\count97
\tag@help=\toks16
\row@=\count98
\column@=\count99
\maxfields@=\count100
\andhelp@=\toks17
\eqnshift@=\dimen110
\alignsep@=\dimen111
\tagshift@=\dimen112
\tagwidth@=\dimen113
\totwidth@=\dimen114
\lineht@=\dimen115
\@envbody=\toks18
\multlinegap=\skip46
\multlinetaggap=\skip47
\mathdisplay@stack=\toks19
LaTeX Info: Redefining \[ on input line 2666.
LaTeX Info: Redefining \] on input line 2667.
)
(/afs/slac.stanford.edu/package/tww/9.0/@sys/TWWfsw/tetex30p/texmf/tex/latex/am
sfonts/amssymb.sty
Package: amssymb 2002/01/22 v2.2d

(/afs/slac.stanford.edu/package/tww/9.0/@sys/TWWfsw/tetex30p/texmf/tex/latex/am
sfonts/amsfonts.sty
Package: amsfonts 2001/10/25 v2.2f
\symAMSa=\mathgroup4
\symAMSb=\mathgroup5
LaTeX Font Info:    Overwriting math alphabet `\mathfrak' in version `bold'
(Font)                  U/euf/m/n --> U/euf/b/n on input line 132.
))
(/afs/slac.stanford.edu/package/tww/9.0/@sys/TWWfsw/tetex30p/texmf/tex/latex/su
bfigure/subfigure.sty
Package: subfigure 2002/07/30 v2.1.4 subfigure package
\subfigtopskip=\skip48
\subfigcapskip=\skip49
\subfigcaptopadj=\dimen116
\subfigbottomskip=\skip50
\subfigcapmargin=\dimen117
\subfiglabelskip=\skip51
\c@subfigure=\count101
\c@lofdepth=\count102
\c@subtable=\count103
\c@lotdepth=\count104

****************************************
* Local config file subfigure.cfg used *
****************************************

(/afs/slac.stanford.edu/package/tww/9.0/@sys/TWWfsw/tetex30p/texmf/tex/latex/su
bfigure/subfigure.cfg)
\subfig@top=\skip52
\subfig@bottom=\skip53
)
\figwidth=\skip54
 (./blind_analysis_phansson.aux)
\openout1 = `blind_analysis_phansson.aux'.

LaTeX Font Info:    Checking defaults for OML/cmm/m/it on input line 19.
LaTeX Font Info:    ... okay on input line 19.
LaTeX Font Info:    Checking defaults for T1/cmr/m/n on input line 19.
LaTeX Font Info:    ... okay on input line 19.
LaTeX Font Info:    Checking defaults for OT1/cmr/m/n on input line 19.
LaTeX Font Info:    ... okay on input line 19.
LaTeX Font Info:    Checking defaults for OMS/cmsy/m/n on input line 19.
LaTeX Font Info:    ... okay on input line 19.
LaTeX Font Info:    Checking defaults for OMX/cmex/m/n on input line 19.
LaTeX Font Info:    ... okay on input line 19.
LaTeX Font Info:    Checking defaults for U/cmr/m/n on input line 19.
LaTeX Font Info:    ... okay on input line 19.

(/afs/slac.stanford.edu/package/tww/9.0/@sys/TWWfsw/tetex30p/texmf/tex/context/
base/supp-pdf.tex
(/afs/slac.stanford.edu/package/tww/9.0/@sys/TWWfsw/tetex30p/texmf/tex/context/
base/supp-mis.tex
loading : Context Support Macros / Miscellaneous (2004.10.26)
\protectiondepth=\count105
\scratchcounter=\count106
\scratchtoks=\toks20
\scratchdimen=\dimen118
\scratchskip=\skip55
\scratchmuskip=\muskip11
\scratchbox=\box28
\scratchread=\read1
\scratchwrite=\write3
\zeropoint=\dimen119
\onepoint=\dimen120
\onebasepoint=\dimen121
\minusone=\count107
\thousandpoint=\dimen122
\onerealpoint=\dimen123
\emptytoks=\toks21
\nextbox=\box29
\nextdepth=\dimen124
\everyline=\toks22
\!!counta=\count108
\!!countb=\count109
\recursecounter=\count110
)
loading : Context Support Macros / PDF (2004.03.26)
\nofMPsegments=\count111
\nofMParguments=\count112
\MPscratchCnt=\count113
\MPscratchDim=\dimen125
\MPnumerator=\count114
\everyMPtoPDFconversion=\toks23
) [1

{/afs/slac.stanford.edu/package/tww/9.0/@sys/TWWfsw/tetex30p/texmf-var/fonts/ma
p/pdftex/updmap/pdftex.map}]
LaTeX Font Info:    Try loading font information for U+msa on input line 42.

(/afs/slac.stanford.edu/package/tww/9.0/@sys/TWWfsw/tetex30p/texmf/tex/latex/am
sfonts/umsa.fd
File: umsa.fd 2002/01/19 v2.2g AMS font definitions
)
LaTeX Font Info:    Try loading font information for U+msb on input line 42.

(/afs/slac.stanford.edu/package/tww/9.0/@sys/TWWfsw/tetex30p/texmf/tex/latex/am
sfonts/umsb.fd
File: umsb.fd 2002/01/19 v2.2g AMS font definitions
)
Overfull \hbox (12.0pt too wide) in paragraph at lines 42--42
 [][] 
 []

LaTeX Font Info:    Try loading font information for OMS+cmr on input line 47.

(/afs/slac.stanford.edu/package/tww/9.0/@sys/TWWfsw/tetex30p/texmf/tex/latex/ba
se/omscmr.fd
File: omscmr.fd 1999/05/25 v2.5h Standard LaTeX font definitions
)
LaTeX Font Info:    Font shape `OMS/cmr/m/n' in size <10> not available
(Font)              Font shape `OMS/cmsy/m/n' tried instead on input line 47.
 [2] (./blind_analysis_phansson.aux) ) 
Here is how much of TeX's memory you used:
 2225 strings out of 94500
 28687 string characters out of 1175135
 74944 words of memory out of 1000000
 5386 multiletter control sequences out of 10000+50000
 10106 words of font info for 38 fonts, out of 500000 for 2000
 580 hyphenation exceptions out of 1000
 32i,9n,24p,242b,204s stack positions out of 1500i,500n,5000p,200000b,10000s
PDF statistics:
 34 PDF objects out of 300000
 0 named destinations out of 131072
 1 words of extra memory for PDF output out of 65536
</afs/slac.stanford.edu/package/tww/9.0/@
sys/TWWfsw/tetex30p/texmf/fonts/type1/bluesky/cm/cmcsc10.pfb></afs/slac.stanfor
d.edu/package/tww/9.0/@sys/TWWfsw/tetex30p/texmf/fonts/type1/bluesky/cm/cmsy10.
pfb></afs/slac.stanford.edu/package/tww/9.0/@sys/TWWfsw/tetex30p/texmf/fonts/ty
pe1/bluesky/cm/cmbx12.pfb></afs/slac.stanford.edu/package/tww/9.0/@sys/TWWfsw/t
etex30p/texmf/fonts/type1/bluesky/cm/cmr8.pfb></afs/slac.stanford.edu/package/t
ww/9.0/@sys/TWWfsw/tetex30p/texmf/fonts/type1/bluesky/cm/cmr12.pfb></afs/slac.s
tanford.edu/package/tww/9.0/@sys/TWWfsw/tetex30p/texmf/fonts/type1/bluesky/cm/c
mr17.pfb></afs/slac.stanford.edu/package/tww/9.0/@sys/TWWfsw/tetex30p/texmf/fon
ts/type1/bluesky/cm/cmr10.pfb></afs/slac.stanford.edu/package/tww/9.0/@sys/TWWf
sw/tetex30p/texmf/fonts/type1/bluesky/cm/cmr9.pfb></afs/slac.stanford.edu/packa
ge/tww/9.0/@sys/TWWfsw/tetex30p/texmf/fonts/type1/bluesky/cm/cmbx9.pfb>
Output written on blind_analysis_phansson.pdf (2 pages, 39825 bytes).
